<!DOCTYPE html PUBLIC "-//W3C//DTD XHTML 1.1//EN" "https://www.w3.org/TR/xhtml11/DTD/xhtml11.dtd">
<html xmlns="https://www.w3.org/1999/xhtml">
<head>
<meta http-equiv="content-type" content="text/html; charset=UTF-8"/>
<title>TestNG Report</title>
<style type="text/css">table {margin-bottom:10px;border-collapse:collapse;empty-cells:show}th,td {border:1px solid #009;padding:.25em .5em}th {vertical-align:bottom}td {vertical-align:top}table a {font-weight:bold}.stripe td {background-color: #E6EBF9}.num {text-align:right}.passedodd td {background-color: #3F3}.passedeven td {background-color: #0A0}.skippedodd td {background-color: #DDD}.skippedeven td {background-color: #CCC}.failedodd td,.attn {background-color: #F33}.failedeven td,.stripe .attn {background-color: #D00}.stacktrace {white-space:pre;font-family:monospace}.totop {font-size:85%;text-align:center;border-bottom:2px solid #000}.invisible {display:none}</style>
</head>
<body>
<table>
<tr><th>Test</th><th># Passed</th><th># Skipped</th><th># Retried</th><th># Failed</th><th>Time (ms)</th><th>Included Groups</th><th>Excluded Groups</th></tr>
<tr><th colspan="8">All Test Suite</th></tr>
<tr><td><a href="#t0">Create Customer API</a></td><td class="num">4</td><td class="num">0</td><td class="num">0</td><td class="num attn">1</td><td class="num">3,685</td><td></td><td></td></tr>
<tr class="stripe"><td><a href="#t1">Delete Customer API</a></td><td class="num">0</td><td class="num">0</td><td class="num">0</td><td class="num attn">1</td><td class="num">551</td><td></td><td></td></tr>
<tr><th>Total</th><th class="num">4</th><th class="num">0</th><th class="num">0</th><th class="num attn">2</th><th class="num">4,236</th><th colspan="2"></th></tr>
</table>
<table id='summary'><thead><tr><th>Class</th><th>Method</th><th>Start</th><th>Time (ms)</th></tr></thead><tbody><tr><th colspan="4">All Test Suite</th></tr></tbody><tbody id="t0"><tr><th colspan="4">Create Customer API &#8212; failed</th></tr><tr class="failedeven"><td rowspan="1">com.bliss.APITestingFramework.Testcases.CreateCustomerTest</td><td><a href="#m0">InvalidateCreateCustomerAPI</a></td><td rowspan="1">1668556158009</td><td rowspan="1">260</td></tr><tr><th colspan="4">Create Customer API &#8212; passed</th></tr><tr class="passedeven"><td rowspan="4">com.bliss.APITestingFramework.Testcases.CreateCustomerTest</td><td><a href="#m1">validateCreateCustomerAPI</a></td><td rowspan="4">1668556154745</td><td rowspan="4">3158</td></tr><tr class="passedeven"><td><a href="#m2">validateCreateCustomerAPI</a></td></tr><tr class="passedeven"><td><a href="#m3">validateCreateCustomerAPI</a></td></tr><tr class="passedeven"><td><a href="#m4">validateCreateCustomerAPI</a></td></tr></tbody>
<tbody id="t1"><tr><th colspan="4">Delete Customer API &#8212; failed</th></tr><tr class="failedeven"><td rowspan="1">com.bliss.APITestingFramework.Testcases.DeleteCustomerTest</td><td><a href="#m5">validateDeleteCustomerAPI</a></td><td rowspan="1">1668556158785</td><td rowspan="1">438</td></tr></tbody>
</table>
<h2>Create Customer API</h2><h3 id="m0">com.bliss.APITestingFramework.Testcases.CreateCustomerTest#InvalidateCreateCustomerAPI</h3><table class="result"><tr class="param"><th>Parameter #1</th></tr><tr class="param stripe"><td>{email=myemail.address@gmail.com, name=Krishna, description=adding the customer from framework123}</td></tr><tr><th>Exception</th></tr><tr><td><div class="stacktrace">java.lang.AssertionError: expected [200] but found [401]
	at org.testng.Assert.fail(Assert.java:110)
	at org.testng.Assert.failNotEquals(Assert.java:1413)
	at org.testng.Assert.assertEqualsImpl(Assert.java:149)
	at org.testng.Assert.assertEquals(Assert.java:131)
	at org.testng.Assert.assertEquals(Assert.java:1240)
	at org.testng.Assert.assertEquals(Assert.java:1274)
	at com.bliss.APITestingFramework.Testcases.CreateCustomerTest.InvalidateCreateCustomerAPI(CreateCustomerTest.java:35)
	at java.base/jdk.internal.reflect.NativeMethodAccessorImpl.invoke0(Native Method)
	at java.base/jdk.internal.reflect.NativeMethodAccessorImpl.invoke(NativeMethodAccessorImpl.java:77)
	at java.base/jdk.internal.reflect.DelegatingMethodAccessorImpl.invoke(DelegatingMethodAccessorImpl.java:43)
	at java.base/java.lang.reflect.Method.invoke(Method.java:568)
	at org.testng.internal.invokers.MethodInvocationHelper.invokeMethod(MethodInvocationHelper.java:139)
	at org.testng.internal.invokers.TestInvoker.invokeMethod(TestInvoker.java:677)
	at org.testng.internal.invokers.TestInvoker.invokeTestMethod(TestInvoker.java:221)
	at org.testng.internal.invokers.TestMethodWithDataProviderMethodWorker.call(TestMethodWithDataProviderMethodWorker.java:80)
	at org.testng.internal.invokers.TestMethodWithDataProviderMethodWorker.call(TestMethodWithDataProviderMethodWorker.java:17)
	at java.base/java.util.concurrent.FutureTask.run(FutureTask.java:264)
	at java.base/java.util.concurrent.Executors$RunnableAdapter.call(Executors.java:539)
	at java.base/java.util.concurrent.FutureTask.run(FutureTask.java:264)
	at java.base/java.util.concurrent.ThreadPoolExecutor.runWorker(ThreadPoolExecutor.java:1136)
	at java.base/java.util.concurrent.ThreadPoolExecutor$Worker.run(ThreadPoolExecutor.java:635)
	at java.base/java.lang.Thread.run(Thread.java:833)
</div></td></tr></table><p class="totop"><a href="#summary">back to summary</a></p>
<h3 id="m1">com.bliss.APITestingFramework.Testcases.CreateCustomerTest#validateCreateCustomerAPI</h3><table class="result"><tr class="param"><th>Parameter #1</th></tr><tr class="param stripe"><td>{email=Ayansh.aradhula@gmail.com, name=Ayansh, description=adding my son as customer from framework}</td></tr></table><p class="totop"><a href="#summary">back to summary</a></p>
<h3 id="m2">com.bliss.APITestingFramework.Testcases.CreateCustomerTest#validateCreateCustomerAPI</h3><table class="result"><tr class="param"><th>Parameter #1</th></tr><tr class="param stripe"><td>{email=myemail.id@gmail.com, name=Varma, description=adding the customer from framework}</td></tr></table><p class="totop"><a href="#summary">back to summary</a></p>
<h3 id="m3">com.bliss.APITestingFramework.Testcases.CreateCustomerTest#validateCreateCustomerAPI</h3><table class="result"><tr class="param"><th>Parameter #1</th></tr><tr class="param stripe"><td>{email=preesha.aradhula@gmail.com, name=Preesha, description=adding my daugther as customer from framework}</td></tr></table><p class="totop"><a href="#summary">back to summary</a></p>
<h3 id="m4">com.bliss.APITestingFramework.Testcases.CreateCustomerTest#validateCreateCustomerAPI</h3><table class="result"><tr class="param"><th>Parameter #1</th></tr><tr class="param stripe"><td>{email=baby7913@gmail.com, name=Baby, description=adding my wife as customer from framework}</td></tr></table><p class="totop"><a href="#summary">back to summary</a></p>
<h2>Delete Customer API</h2><h3 id="m5">com.bliss.APITestingFramework.Testcases.DeleteCustomerTest#validateDeleteCustomerAPI</h3><table class="result"><tr class="param"><th>Parameter #1</th></tr><tr class="param stripe"><td>{customerId=cus_Mnn8rYJsJY0cEN}</td></tr><tr><th>Exception</th></tr><tr><td><div class="stacktrace">java.lang.AssertionError: expected [200] but found [404]
	at org.testng.Assert.fail(Assert.java:110)
	at org.testng.Assert.failNotEquals(Assert.java:1413)
	at org.testng.Assert.assertEqualsImpl(Assert.java:149)
	at org.testng.Assert.assertEquals(Assert.java:131)
	at org.testng.Assert.assertEquals(Assert.java:1240)
	at org.testng.Assert.assertEquals(Assert.java:1274)
	at com.bliss.APITestingFramework.Testcases.DeleteCustomerTest.validateDeleteCustomerAPI(DeleteCustomerTest.java:28)
	at java.base/jdk.internal.reflect.NativeMethodAccessorImpl.invoke0(Native Method)
	at java.base/jdk.internal.reflect.NativeMethodAccessorImpl.invoke(NativeMethodAccessorImpl.java:77)
	at java.base/jdk.internal.reflect.DelegatingMethodAccessorImpl.invoke(DelegatingMethodAccessorImpl.java:43)
	at java.base/java.lang.reflect.Method.invoke(Method.java:568)
	at org.testng.internal.invokers.MethodInvocationHelper.invokeMethod(MethodInvocationHelper.java:139)
	at org.testng.internal.invokers.TestInvoker.invokeMethod(TestInvoker.java:677)
	at org.testng.internal.invokers.TestInvoker.invokeTestMethod(TestInvoker.java:221)
	at org.testng.internal.invokers.TestMethodWithDataProviderMethodWorker.call(TestMethodWithDataProviderMethodWorker.java:80)
	at org.testng.internal.invokers.TestMethodWithDataProviderMethodWorker.call(TestMethodWithDataProviderMethodWorker.java:17)
	at java.base/java.util.concurrent.FutureTask.run(FutureTask.java:264)
	at java.base/java.util.concurrent.Executors$RunnableAdapter.call(Executors.java:539)
	at java.base/java.util.concurrent.FutureTask.run(FutureTask.java:264)
	at java.base/java.util.concurrent.ThreadPoolExecutor.runWorker(ThreadPoolExecutor.java:1136)
	at java.base/java.util.concurrent.ThreadPoolExecutor$Worker.run(ThreadPoolExecutor.java:635)
	at java.base/java.lang.Thread.run(Thread.java:833)
</div></td></tr></table><p class="totop"><a href="#summary">back to summary</a></p>
</body>
</html>
